********************************************************************************
*                             28 May 2018 11:20:17                             *
********************************************************************************
CSharpCompilerWrapper.exe version: 4.0.4.228
Unity version: 2017.3.1f1
Platform: Windows
Target assembly: Assembly-CSharp.dll
Project directory: C:\Users\Lopes\Desktop\OASIS\IFPS
Target profile directory: C:\Program Files\Unity\Editor\Data\MonoBleedingEdge\lib\mono\4.5
Unity Mono executable: C:\Program Files\Unity\Editor\Data\MonoBleedingEdge\bin\mono.exe
Compiler: Microsoft C# 7.2 (2.7.0.62620)

- Compilation ------------------------------------------------

Process: C:\Users\Lopes\Desktop\OASIS\IFPS\CSharp70Support\Roslyn\csc.exe
Arguments: -noconfig @Temp/UnityTempFile-1cf17ecc6e2a8d6498993ee42c256261
Exit code: 0
Elapsed time: 55.14 sec

- Output (0 lines):

- Errors (0 lines):

- PDB to MDB conversion --------------------------------------

Process: C:\Users\Lopes\Desktop\OASIS\IFPS\CSharp70Support\Roslyn\pdb2mdb.exe
Arguments: Temp\Assembly-CSharp.dll
Exit code: 0
Elapsed time: 1.90 sec

- Output (0 lines):

- Errors (0 lines):

